<?xml version="1.0" encoding="UTF-8"?>
<testsuite name="FamilyTest" tests="1" skipped="0" failures="0" errors="0" timestamp="2021-10-13T10:40:35" hostname="hmm-are-you-sure" time="0.034">
  <properties/>
  <testcase name="Check family size after deleting one of children" classname="FamilyTest" time="0.034"/>
  <system-out><![CDATA[]]></system-out>
  <system-err><![CDATA[]]></system-err>
</testsuite>
